<?xml version="1.0" encoding="UTF-8"?>
<!-- Generated by org.testng.reporters.JUnitXMLReporter -->
<testsuite ignored="0" hostname="DESKTOP-T5VQKFI" failures="0" tests="0" name="Linux-Chrome" time="1.455" errors="0" timestamp="2024-08-30T20:46:23 IST">
  <testcase classname="testBase.BaseClass" name="@AfterClass tearDown" time="0.001">
    <failure type="java.lang.NullPointerException">
      <![CDATA[java.lang.NullPointerException
at testBase.BaseClass.tearDown(BaseClass.java:110)
at java.base/java.util.ArrayList.forEach(ArrayList.java:1541)
... Removed 26 stack frames]]>
    </failure>
  </testcase> <!-- @AfterClass tearDown -->
</testsuite> <!-- Linux-Chrome -->
